<?xml version="1.0" encoding="UTF-8" ?>
<testsuite errors="0" failures="0" hostname="pop-os" name="ShotTest" skipped="0" tests="5" time="0.213" timestamp="2021-05-17T20:01:13">
  <properties>
    <property name="sun.desktop" value="gnome" />
    <property name="ant.library.dir" value="/usr/share/ant/lib" />
    <property name="reports" value="/home/sappy-joy/projects/IdeaProjects/lab-apache-ant/reports" />
    <property name="awt.toolkit" value="sun.awt.X11.XToolkit" />
    <property name="ant.file.type" value="file" />
    <property name="lib" value="/home/sappy-joy/projects/IdeaProjects/lab-apache-ant/lib" />
    <property name="java.specification.version" value="11" />
    <property name="ant.project.name" value="client.LabApacheAnt" />
    <property name="sun.cpu.isalist" value="" />
    <property name="sun.jnu.encoding" value="UTF-8" />
    <property name="java.class.path" value="/home/sappy-joy/projects/IdeaProjects/lab-apache-ant/lib/junit-4.13.2.jar:/home/sappy-joy/projects/IdeaProjects/lab-apache-ant/lib/ant-junit4-1.10.10.jar:/home/sappy-joy/projects/IdeaProjects/lab-apache-ant/lib/hamcrest-core-1.3.jar:/home/sappy-joy/projects/IdeaProjects/lab-apache-ant/build/classes:/usr/share/ant/lib/junit.jar:/usr/share/java/ant-launcher-1.10.8.jar:/usr/share/ant/lib/ant.jar:/usr/share/ant/lib/ant-junit.jar:/usr/share/ant/lib/ant-junit4.jar" />
    <property name="java.vm.vendor" value="Ubuntu" />
    <property name="sun.arch.data.model" value="64" />
    <property name="java.vendor.url" value="https://ubuntu.com/" />
    <property name="user.timezone" value="" />
    <property name="os.name" value="Linux" />
    <property name="java.vm.specification.version" value="11" />
    <property name="jar" value="/home/sappy-joy/projects/IdeaProjects/lab-apache-ant/build/client.LabApacheAnt.jar" />
    <property name="user.country" value="US" />
    <property name="sun.java.launcher" value="SUN_STANDARD" />
    <property name="sun.boot.library.path" value="/usr/lib/jvm/java-11-openjdk-amd64/lib" />
    <property name="res" value="/home/sappy-joy/projects/IdeaProjects/lab-apache-ant/src/res" />
    <property name="sun.java.command" value="org.apache.tools.ant.taskdefs.optional.junit.JUnitTestRunner ShotTest skipNonTests=false filtertrace=true haltOnError=false haltOnFailure=false showoutput=false outputtoformatters=true logfailedtests=true threadid=0 logtestlistenerevents=false formatter=org.apache.tools.ant.taskdefs.optional.junit.XMLJUnitResultFormatter,/home/sappy-joy/projects/IdeaProjects/lab-apache-ant/reports/TEST-ShotTest.xml crashfile=/home/sappy-joy/projects/IdeaProjects/lab-apache-ant/junitvmwatcher12010397205986677821.properties propsfile=/home/sappy-joy/projects/IdeaProjects/lab-apache-ant/junit4472460529857330542.properties" />
    <property name="jdk.debug" value="release" />
    <property name="test" value="/home/sappy-joy/projects/IdeaProjects/lab-apache-ant/test" />
    <property name="sun.cpu.endian" value="little" />
    <property name="user.home" value="/home/sappy-joy" />
    <property name="user.language" value="en" />
    <property name="java.specification.vendor" value="Oracle Corporation" />
    <property name="java.version.date" value="2021-04-20" />
    <property name="java.home" value="/usr/lib/jvm/java-11-openjdk-amd64" />
    <property name="basedir" value="/home/sappy-joy/projects/IdeaProjects/lab-apache-ant" />
    <property name="file.separator" value="/" />
    <property name="java.vm.compressedOopsMode" value="32-bit" />
    <property name="line.separator" value="&#xa;" />
    <property name="ant.java.version" value="11" />
    <property name="java.specification.name" value="Java Platform API Specification" />
    <property name="java.vm.specification.vendor" value="Oracle Corporation" />
    <property name="ant.file.client.LabApacheAnt" value="/home/sappy-joy/projects/IdeaProjects/lab-apache-ant/build.xml" />
    <property name="java.awt.graphicsenv" value="sun.awt.X11GraphicsEnvironment" />
    <property name="doc" value="/home/sappy-joy/projects/IdeaProjects/lab-apache-ant/doc" />
    <property name="sun.management.compiler" value="HotSpot 64-Bit Tiered Compilers" />
    <property name="classes" value="/home/sappy-joy/projects/IdeaProjects/lab-apache-ant/build/classes" />
    <property name="java.runtime.version" value="11.0.11+9-Ubuntu-0ubuntu2.20.10" />
    <property name="user.name" value="sappy-joy" />
    <property name="ant.file" value="/home/sappy-joy/projects/IdeaProjects/lab-apache-ant/build.xml" />
    <property name="path.separator" value=":" />
    <property name="os.version" value="5.11.0-7614-generic" />
    <property name="java.runtime.name" value="OpenJDK Runtime Environment" />
    <property name="file.encoding" value="UTF-8" />
    <property name="ant.project.invoked-targets" value="report" />
    <property name="native" value="/home/sappy-joy/projects/IdeaProjects/lab-apache-ant/src/res/native" />
    <property name="java.vm.name" value="OpenJDK 64-Bit Server VM" />
    <property name="diff.file" value="/home/sappy-joy/projects/IdeaProjects/lab-apache-ant/diff.txt" />
    <property name="ant.core.lib" value="/usr/share/ant/lib/ant.jar" />
    <property name="java.vendor.url.bug" value="https://bugs.launchpad.net/ubuntu/+source/openjdk-lts" />
    <property name="java.io.tmpdir" value="/tmp" />
    <property name="java.version" value="11.0.11" />
    <property name="src" value="/home/sappy-joy/projects/IdeaProjects/lab-apache-ant/src" />
    <property name="user.dir" value="/home/sappy-joy/projects/IdeaProjects/lab-apache-ant" />
    <property name="os.arch" value="amd64" />
    <property name="java.vm.specification.name" value="Java Virtual Machine Specification" />
    <property name="java.awt.printerjob" value="sun.print.PSPrinterJob" />
    <property name="ant.home" value="/usr/share/ant" />
    <property name="sun.os.patch.level" value="unknown" />
    <property name="ant.file.type.client.LabApacheAnt" value="file" />
    <property name="ant.version" value="Apache Ant(TM) version 1.10.8 compiled on January 8 1970" />
    <property name="java.library.path" value="/usr/java/packages/lib:/usr/lib/x86_64-linux-gnu/jni:/lib/x86_64-linux-gnu:/usr/lib/x86_64-linux-gnu:/usr/lib/jni:/lib:/usr/lib" />
    <property name="java.vendor" value="Ubuntu" />
    <property name="java.vm.info" value="mixed mode, sharing" />
    <property name="java.vm.version" value="11.0.11+9-Ubuntu-0ubuntu2.20.10" />
    <property name="build" value="/home/sappy-joy/projects/IdeaProjects/lab-apache-ant/build" />
    <property name="sun.io.unicode.encoding" value="UnicodeLittle" />
    <property name="java.class.version" value="55.0" />
    <property name="ant.project.default-target" value="build" />
  </properties>
  <testcase classname="ShotTest" name="testThirdQuarter" time="0.08" />
  <testcase classname="ShotTest" name="testFourthQuarter" time="0.013" />
  <testcase classname="ShotTest" name="testSecondQuarter" time="0.01" />
  <testcase classname="ShotTest" name="testNegativeRadius" time="0.001" />
  <testcase classname="ShotTest" name="testFirstQuarter" time="0.007" />
  <system-out><![CDATA[]]></system-out>
  <system-err><![CDATA[]]></system-err>
</testsuite>
