<?xml version="1.0" encoding="UTF-8" ?>
<testsuite errors="0" failures="0" hostname="localhost" name="ShotTest" skipped="0" tests="6" time="7.369" timestamp="2021-05-18T16:09:02">
  <properties>
    <property name="reports" value="reports/" />
    <property name="ant.library.dir" value="/usr/share/ant/lib" />
    <property name="awt.toolkit" value="sun.awt.X11.XToolkit" />
    <property name="ant.file.type" value="file" />
    <property name="java.specification.version" value="11" />
    <property name="lib" value="lib/" />
    <property name="ant.project.name" value="client.LabApacheAnt" />
    <property name="sun.cpu.isalist" value="" />
    <property name="sun.jnu.encoding" value="UTF-8" />
    <property name="java.class.path" value="/root/lab-apache-ant/lib/junit-4.13.2.jar:/root/lab-apache-ant/lib/ant-junit4-1.10.10.jar:/root/lab-apache-ant/lib/hamcrest-core-1.3.jar:/root/lab-apache-ant/build/classes:/usr/share/java/ant-launcher-1.10.7.jar:/usr/share/ant/lib/ant.jar:/usr/share/ant/lib/ant-junit.jar:/usr/share/ant/lib/ant-junit4.jar" />
    <property name="java.vm.vendor" value="Ubuntu" />
    <property name="sun.arch.data.model" value="64" />
    <property name="java.vendor.url" value="https://ubuntu.com/" />
    <property name="user.timezone" value="" />
    <property name="java.vm.specification.version" value="11" />
    <property name="os.name" value="Linux" />
    <property name="jar" value="build/client.LabApacheAnt.jar" />
    <property name="sun.java.launcher" value="SUN_STANDARD" />
    <property name="sun.boot.library.path" value="/usr/lib/jvm/java-11-openjdk-amd64/lib" />
    <property name="res" value="src//res/" />
    <property name="sun.java.command" value="org.apache.tools.ant.taskdefs.optional.junit.JUnitTestRunner ShotTest skipNonTests=false filtertrace=true haltOnError=false haltOnFailure=false showoutput=false outputtoformatters=true logfailedtests=true threadid=0 logtestlistenerevents=false formatter=org.apache.tools.ant.taskdefs.optional.junit.XMLJUnitResultFormatter,/root/lab-apache-ant/reports/TEST-ShotTest.xml crashfile=/root/lab-apache-ant/junitvmwatcher11045092302482880802.properties propsfile=/root/lab-apache-ant/junit15592161753740540946.properties" />
    <property name="jdk.debug" value="release" />
    <property name="test" value="test/" />
    <property name="sun.cpu.endian" value="little" />
    <property name="user.home" value="/root" />
    <property name="user.language" value="en" />
    <property name="java.specification.vendor" value="Oracle Corporation" />
    <property name="java.version.date" value="2021-04-20" />
    <property name="java.home" value="/usr/lib/jvm/java-11-openjdk-amd64" />
    <property name="basedir" value="/root/lab-apache-ant" />
    <property name="file.separator" value="/" />
    <property name="java.vm.compressedOopsMode" value="32-bit" />
    <property name="line.separator" value="&#xa;" />
    <property name="ant.java.version" value="11" />
    <property name="java.vm.specification.vendor" value="Oracle Corporation" />
    <property name="java.specification.name" value="Java Platform API Specification" />
    <property name="java.awt.graphicsenv" value="sun.awt.X11GraphicsEnvironment" />
    <property name="ant.file.client.LabApacheAnt" value="/root/lab-apache-ant/build.xml" />
    <property name="doc" value="doc/" />
    <property name="sun.management.compiler" value="HotSpot 64-Bit Tiered Compilers" />
    <property name="classes" value="build/classes" />
    <property name="java.runtime.version" value="11.0.11+9-Ubuntu-0ubuntu2.20.04" />
    <property name="user.name" value="root" />
    <property name="ant.file" value="/root/lab-apache-ant/build.xml" />
    <property name="path.separator" value=":" />
    <property name="os.version" value="5.4.0-42-generic" />
    <property name="java.runtime.name" value="OpenJDK Runtime Environment" />
    <property name="file.encoding" value="UTF-8" />
    <property name="ant.project.invoked-targets" value="report" />
    <property name="native" value="src//res//native/" />
    <property name="java.vm.name" value="OpenJDK 64-Bit Server VM" />
    <property name="diff.file" value="diff.txt" />
    <property name="ant.core.lib" value="/usr/share/ant/lib/ant.jar" />
    <property name="java.vendor.url.bug" value="https://bugs.launchpad.net/ubuntu/+source/openjdk-lts" />
    <property name="java.io.tmpdir" value="/tmp" />
    <property name="src" value="src/" />
    <property name="java.version" value="11.0.11" />
    <property name="user.dir" value="/root/lab-apache-ant" />
    <property name="os.arch" value="amd64" />
    <property name="java.vm.specification.name" value="Java Virtual Machine Specification" />
    <property name="java.awt.printerjob" value="sun.print.PSPrinterJob" />
    <property name="ant.home" value="/usr/share/ant" />
    <property name="sun.os.patch.level" value="unknown" />
    <property name="ant.file.type.client.LabApacheAnt" value="file" />
    <property name="ant.version" value="Apache Ant(TM) version 1.10.7 compiled on October 24 2019" />
    <property name="java.library.path" value="/usr/java/packages/lib:/usr/lib/x86_64-linux-gnu/jni:/lib/x86_64-linux-gnu:/usr/lib/x86_64-linux-gnu:/usr/lib/jni:/lib:/usr/lib" />
    <property name="java.vendor" value="Ubuntu" />
    <property name="java.vm.info" value="mixed mode, sharing" />
    <property name="build" value="build" />
    <property name="java.vm.version" value="11.0.11+9-Ubuntu-0ubuntu2.20.04" />
    <property name="sun.io.unicode.encoding" value="UnicodeLittle" />
    <property name="java.class.version" value="55.0" />
    <property name="ant.project.default-target" value="build" />
  </properties>
  <testcase classname="ShotTest" name="testZeroRadius" time="0.456" />
  <testcase classname="ShotTest" name="testThirdQuarter" time="1.858" />
  <testcase classname="ShotTest" name="testFourthQuarter" time="0.196" />
  <testcase classname="ShotTest" name="testSecondQuarter" time="0.199" />
  <testcase classname="ShotTest" name="testNegativeRadius" time="0.026" />
  <testcase classname="ShotTest" name="testFirstQuarter" time="0.073" />
  <system-out><![CDATA[]]></system-out>
  <system-err><![CDATA[]]></system-err>
</testsuite>
